2022-08-13 01:11:11,444 INFO apps.registration.views post Create applicant's info success with applicant_id: 51, applicant's email: hieuvu9@gmail.com
2022-08-13 01:14:45,303 INFO apps.registration.views post Create applicant's info success with applicant_id: 52, applicant's email: hieuvu1@gmail.com
2022-08-13 01:15:05,494 INFO apps.registration.views get Get list applicant
2022-08-13 01:16:30,273 INFO apps.registration.utils update_applicant_infor Update applicant's email': hieuvu1@gmail.com with data: {'name': 'Vu Men', 'dob': datetime.datetime(2015, 9, 17, 0, 0), 'country': 'UNDEFINED'}
2022-08-13 01:16:30,274 INFO apps.registration.views put Update applicant's info success with applicant's email': hieuvu1@gmail.com, applicant's email: hieuvu1@gmail.com
2022-08-13 01:18:58,592 INFO apps.registration.utils update_applicant_infor Update applicant's email': hieuvu1@gmail.com with data: {'name': 'Vu nhom', 'dob': datetime.datetime(2015, 9, 17, 0, 0), 'country': 'UNDEFINED'}
2022-08-13 01:19:16,350 INFO apps.registration.utils update_applicant_infor Update applicant's email': hieuvu1@gmail.com with data: {'name': 'Vu nhom', 'dob': datetime.datetime(2015, 9, 17, 0, 0), 'country': 'UNDEFINED'}
2022-08-13 01:19:57,646 INFO apps.registration.utils update_applicant_infor Update applicant's email': hieuvu1@gmail.com with data: {'name': 'Vu nhom', 'dob': datetime.datetime(2015, 9, 17, 0, 0), 'country': 'UNDEFINED'}
2022-08-13 01:20:48,881 ERROR apps.registration.views put Update applicant's info fail due to invalid email address :hieuvu111111@gmail.com
2022-08-13 01:20:51,792 ERROR apps.registration.views put Update applicant's info fail due to invalid email address :hieuvu111111@gmail.com
2022-08-13 01:21:17,479 ERROR apps.registration.views put Update applicant's info fail due to invalid email address :hieuvu111111@gmail.com
2022-08-13 01:21:25,806 ERROR apps.registration.views put Update applicant's info fail due to invalid dob :False
2022-08-13 01:21:52,536 ERROR apps.registration.views put Update applicant's info fail due to invalid dob :False
2022-08-13 01:22:27,121 ERROR apps.registration.views put Update applicant's info fail due to invalid email address :hieuvu@gmail.com
2022-08-13 01:22:44,504 INFO apps.registration.utils update_applicant_infor Update applicant's email': WljTjIiF@gmail.com with data: {'country': 'UNDEFINED'}
2022-08-13 01:23:30,714 INFO apps.registration.utils update_applicant_infor Update applicant's email': WljTjIiF@gmail.com with data: {'country': 'UNDEFINED'}
2022-08-13 01:23:30,714 INFO apps.registration.views put Update applicant's info success with applicant's email': WljTjIiF@gmail.com, applicant's email: WljTjIiF@gmail.com
2022-08-13 01:23:55,679 INFO apps.registration.utils update_applicant_infor Update applicant's email': WljTjI11iF@gmail.com with data: {'country': 'UNDEFINED'}
2022-08-13 01:23:56,306 INFO apps.registration.views put Update applicant's info success with applicant's email': WljTjI11iF@gmail.com, applicant's email: WljTjI11iF@gmail.com
2022-08-13 01:24:04,308 INFO apps.registration.utils update_applicant_infor Update applicant's email': Wlj123TjI11iF@gmail.com with data: {'country': 'UNDEFINED'}
2022-08-13 01:24:04,309 INFO apps.registration.views put Update applicant's info success with applicant's email': Wlj123TjI11iF@gmail.com, applicant's email: Wlj123TjI11iF@gmail.com
2022-08-13 01:34:32,299 INFO apps.registration.views put Update applicant's info success with applicant's email': WljTjIiF@gmail.com, applicant's email: WljTjIiF@gmail.com
2022-08-13 01:35:32,032 INFO apps.registration.views put Update applicant's info success with applicant's email': WljTjIiF@gmail.com, applicant's email: WljTjIiF@gmail.com
2022-08-13 01:36:23,563 INFO apps.registration.views get Getting applicant info detail for with email address :WljTjIiF@gmail.com
2022-08-13 01:36:49,002 INFO apps.registration.views get Getting applicant info detail for with email address :WljTjIiF@gmail.com
2022-08-13 01:36:53,437 INFO apps.registration.views get Get list applicant
2022-08-13 01:36:56,726 INFO apps.registration.views get Getting applicant info detail for with email address :WljTjIiF@gmail.com
2022-08-13 01:37:17,232 INFO apps.registration.views get Getting applicant info detail for with email address :WljTjIiF@gmail.com
2022-08-13 01:38:06,721 INFO apps.registration.views get Getting applicant info detail for with email address :WljTjIiF@gmail.com
2022-08-13 01:39:57,748 INFO apps.registration.views get Getting applicant info detail for with email address :WljTjIiF@gmail.com
2022-08-13 01:41:21,544 INFO apps.registration.views get Get list applicant
2022-08-13 01:41:46,898 INFO apps.registration.views get Get list applicant
2022-08-13 01:41:51,895 INFO apps.registration.views get Getting applicant info detail for with email address :WljTjIiF@gmail.com
2022-08-13 01:42:59,028 INFO apps.registration.views get Create applicant's info success with applicant_id: 45, applicant's email: WljTjIiF@gmail.com
2022-08-13 01:49:27,902 INFO apps.registration.views post Create applicant's info success with applicant_id: 53, applicant's email: hieuvu111111@gmail.com
2022-08-13 01:49:30,509 ERROR apps.registration.views post Applicant's email is invalid format or existed: hieuvu111111@gmail.com
2022-08-13 01:49:32,027 ERROR apps.registration.views post Applicant's email is invalid format or existed: hieuvu111111@gmail.com
2022-08-13 01:49:32,575 ERROR apps.registration.views post Applicant's email is invalid format or existed: hieuvu111111@gmail.com
2022-08-13 01:49:42,107 ERROR apps.registration.views post Applicant's email is invalid format or existed: hieuvu111111@gmail.com
2022-08-13 01:49:45,038 ERROR apps.registration.views post Create applicant's info fail due to invalid dob :False
2022-08-13 01:50:17,813 ERROR apps.registration.views post Create applicant's info fail due to invalid dob :False
2022-08-13 01:51:50,871 ERROR apps.registration.views post Create applicant's info fail due to invalid dob :False
2022-08-13 01:51:56,957 INFO apps.registration.views post Create applicant's info success with applicant_id: 54, applicant's email: hieuvua111111@gmail.com
2022-08-13 01:51:58,769 ERROR apps.registration.views post Applicant's email is invalid format or existed: hieuvua111111@gmail.com
2022-08-13 01:51:59,286 ERROR apps.registration.views post Applicant's email is invalid format or existed: hieuvua111111@gmail.com
2022-08-13 01:51:59,847 ERROR apps.registration.views post Applicant's email is invalid format or existed: hieuvua111111@gmail.com
2022-08-13 01:52:00,346 ERROR apps.registration.views post Applicant's email is invalid format or existed: hieuvua111111@gmail.com
2022-08-13 01:52:04,922 ERROR apps.registration.views post Applicant's email is invalid format or existed: hieuvua111111@gmail.com
2022-08-13 01:52:08,077 INFO apps.registration.views post Create applicant's info success with applicant_id: 55, applicant's email: hieuavua111111@gmail.com
2022-08-13 01:52:21,510 INFO apps.registration.views get Get applicant's info success with applicant's email: hieuavua111111@gmail.com
2022-08-13 01:52:53,117 INFO apps.registration.views put Update applicant's info successful with applicant's email': hieuavua111111@gmail.com, applicant's email: hieuavua111111@gmail.com
2022-08-13 01:57:37,323 INFO apps.registration.views post Update applicants' status done
2022-08-13 02:15:35,316 ERROR apps.registration.views post Applicant's email is invalid format or existed: hieuvu9@gmail.com
2022-08-13 02:15:46,543 ERROR apps.registration.views post Applicant's email is invalid format or existed: hieuvu9@gmail.com
2022-08-13 02:45:38,202 INFO apps.registration.views post Create applicant's info success with applicant_id: 56, applicant's email: hieuvu@gmail.com
2022-08-13 02:49:28,396 INFO apps.registration.views get Get applicant's info success with applicant's email: hieuvu@gmail.com
2022-08-13 02:51:12,561 INFO apps.registration.views put Update applicant's info successful with applicant's email': hieuvu@gmail.com, applicant's email: hieuvu@gmail.com
2022-08-13 02:51:40,200 INFO apps.registration.views get Get list applicant successful
2022-08-13 02:53:59,875 INFO apps.registration.views post Create applicant's info success with applicant_id: 57, applicant's email: dfUjDtxU@gmail.com
2022-08-13 02:53:59,880 INFO apps.registration.views post Create applicant's info success with applicant_id: 58, applicant's email: vtwsWFmq@gmail.com
2022-08-13 02:53:59,885 INFO apps.registration.views post Create applicant's info success with applicant_id: 59, applicant's email: FXoPWgCZ@gmail.com
2022-08-13 02:53:59,891 INFO apps.registration.views post Create applicant's info success with applicant_id: 60, applicant's email: QtoWGjuY@gmail.com
2022-08-13 02:53:59,896 INFO apps.registration.views post Create applicant's info success with applicant_id: 61, applicant's email: FRRgZlIz@gmail.com
2022-08-13 02:53:59,901 INFO apps.registration.views post Create applicant's info success with applicant_id: 62, applicant's email: VppjLNAV@gmail.com
2022-08-13 02:53:59,907 INFO apps.registration.views post Create applicant's info success with applicant_id: 63, applicant's email: zIoFrKQW@gmail.com
2022-08-13 02:53:59,912 INFO apps.registration.views post Create applicant's info success with applicant_id: 64, applicant's email: dAnGyOgH@gmail.com
2022-08-13 02:53:59,917 INFO apps.registration.views post Create applicant's info success with applicant_id: 65, applicant's email: wYMaAbyQ@gmail.com
2022-08-13 02:53:59,922 INFO apps.registration.views post Create applicant's info success with applicant_id: 66, applicant's email: eWyKnrFO@gmail.com
2022-08-13 02:53:59,927 INFO apps.registration.views post Create applicant's info success with applicant_id: 67, applicant's email: ckgLhkGG@gmail.com
2022-08-13 02:53:59,932 INFO apps.registration.views post Create applicant's info success with applicant_id: 68, applicant's email: gMOVfzvH@gmail.com
2022-08-13 02:53:59,937 INFO apps.registration.views post Create applicant's info success with applicant_id: 69, applicant's email: LNlGZitE@gmail.com
2022-08-13 02:53:59,943 INFO apps.registration.views post Create applicant's info success with applicant_id: 70, applicant's email: TWYTGoOd@gmail.com
2022-08-13 02:53:59,948 INFO apps.registration.views post Create applicant's info success with applicant_id: 71, applicant's email: OGKNvpzo@gmail.com
2022-08-13 02:53:59,953 INFO apps.registration.views post Create applicant's info success with applicant_id: 72, applicant's email: LPbLnnuR@gmail.com
2022-08-13 02:53:59,957 INFO apps.registration.views post Create applicant's info success with applicant_id: 73, applicant's email: GUpgRkyk@gmail.com
2022-08-13 02:53:59,962 INFO apps.registration.views post Create applicant's info success with applicant_id: 74, applicant's email: qjnwbEHZ@gmail.com
2022-08-13 02:53:59,967 INFO apps.registration.views post Create applicant's info success with applicant_id: 75, applicant's email: ysRtSpVZ@gmail.com
2022-08-13 02:53:59,973 INFO apps.registration.views post Create applicant's info success with applicant_id: 76, applicant's email: KZQkWtHZ@gmail.com
2022-08-13 02:53:59,978 INFO apps.registration.views post Create applicant's info success with applicant_id: 77, applicant's email: nYfNQEvT@gmail.com
2022-08-13 02:53:59,984 INFO apps.registration.views post Create applicant's info success with applicant_id: 78, applicant's email: CFYHYEet@gmail.com
2022-08-13 02:53:59,989 INFO apps.registration.views post Create applicant's info success with applicant_id: 79, applicant's email: LGmBKYvx@gmail.com
2022-08-13 02:53:59,995 INFO apps.registration.views post Create applicant's info success with applicant_id: 80, applicant's email: BpZpfNlL@gmail.com
2022-08-13 02:54:00,000 INFO apps.registration.views post Create applicant's info success with applicant_id: 81, applicant's email: kwHsaDqv@gmail.com
2022-08-13 02:54:00,006 INFO apps.registration.views post Create applicant's info success with applicant_id: 82, applicant's email: rwsreAMo@gmail.com
2022-08-13 02:54:00,013 INFO apps.registration.views post Create applicant's info success with applicant_id: 83, applicant's email: lCgfILis@gmail.com
2022-08-13 02:54:00,019 INFO apps.registration.views post Create applicant's info success with applicant_id: 84, applicant's email: qtyrrnfw@gmail.com
2022-08-13 02:54:00,025 INFO apps.registration.views post Create applicant's info success with applicant_id: 85, applicant's email: fLZABEpB@gmail.com
2022-08-13 02:54:00,031 INFO apps.registration.views post Create applicant's info success with applicant_id: 86, applicant's email: dNmzMdBk@gmail.com
2022-08-13 02:54:00,037 INFO apps.registration.views post Create applicant's info success with applicant_id: 87, applicant's email: ZnGktZKq@gmail.com
2022-08-13 02:54:00,042 INFO apps.registration.views post Create applicant's info success with applicant_id: 88, applicant's email: SbFeQPMt@gmail.com
2022-08-13 02:54:00,048 INFO apps.registration.views post Create applicant's info success with applicant_id: 89, applicant's email: SvzLBjYB@gmail.com
2022-08-13 02:54:00,053 INFO apps.registration.views post Create applicant's info success with applicant_id: 90, applicant's email: CesrgIHr@gmail.com
2022-08-13 02:54:00,059 INFO apps.registration.views post Create applicant's info success with applicant_id: 91, applicant's email: HxDrxAOq@gmail.com
2022-08-13 02:54:00,064 INFO apps.registration.views post Create applicant's info success with applicant_id: 92, applicant's email: szwFPIOb@gmail.com
2022-08-13 02:54:00,070 INFO apps.registration.views post Create applicant's info success with applicant_id: 93, applicant's email: ZYmolnOR@gmail.com
2022-08-13 02:54:00,076 INFO apps.registration.views post Create applicant's info success with applicant_id: 94, applicant's email: mRfHlUxr@gmail.com
2022-08-13 02:54:00,081 INFO apps.registration.views post Create applicant's info success with applicant_id: 95, applicant's email: qxnnPubx@gmail.com
2022-08-13 02:54:00,087 INFO apps.registration.views post Create applicant's info success with applicant_id: 96, applicant's email: yYsVbyWR@gmail.com
2022-08-13 02:54:00,092 INFO apps.registration.views post Create applicant's info success with applicant_id: 97, applicant's email: EDEjqGhk@gmail.com
2022-08-13 02:54:00,098 INFO apps.registration.views post Create applicant's info success with applicant_id: 98, applicant's email: HqUCIklL@gmail.com
2022-08-13 02:54:00,104 INFO apps.registration.views post Create applicant's info success with applicant_id: 99, applicant's email: suIqKAFA@gmail.com
2022-08-13 02:54:00,109 INFO apps.registration.views post Create applicant's info success with applicant_id: 100, applicant's email: AdIHldRH@gmail.com
2022-08-13 02:54:00,114 INFO apps.registration.views post Create applicant's info success with applicant_id: 101, applicant's email: WJlIcnEy@gmail.com
2022-08-13 02:54:00,120 INFO apps.registration.views post Create applicant's info success with applicant_id: 102, applicant's email: rfGSDXWe@gmail.com
2022-08-13 02:54:00,126 INFO apps.registration.views post Create applicant's info success with applicant_id: 103, applicant's email: XpWVIrZP@gmail.com
2022-08-13 02:54:00,131 INFO apps.registration.views post Create applicant's info success with applicant_id: 104, applicant's email: zcaSUBeR@gmail.com
2022-08-13 02:54:00,137 INFO apps.registration.views post Create applicant's info success with applicant_id: 105, applicant's email: dLeGGLOC@gmail.com
2022-08-13 02:54:00,142 INFO apps.registration.views post Create applicant's info success with applicant_id: 106, applicant's email: quSuVnIW@gmail.com
2022-08-13 02:54:06,182 INFO apps.registration.views get Get list applicant successful
2022-08-13 02:54:43,149 INFO apps.registration.views post Update applicants' status done
2022-08-13 12:45:24,288 ERROR apps.registration.views post Applicant's email is invalid format or existed: hieuvu@gmail.com
2022-08-13 12:45:29,170 INFO apps.registration.views post Create applicant's info success with applicant_id: 107, applicant's email: hieuvu11@gmail.com
